<?xml version="1.0" encoding="UTF-8"?>
<!-- Generated by org.testng.reporters.JUnitReportReporter -->
<testsuite hostname="simo__hb" failures="0" tests="10" name="com.example.tests.SettingsTest" time="194.986" errors="0" timestamp="2025-12-22T19:18:13 WEST" skipped="0">
  <testcase classname="com.example.tests.SettingsTest" name="testSettingsPageLoads" time="4.407"/>
  <testcase classname="com.example.tests.SettingsTest" name="testSettingsTabsPresent" time="17.755"/>
  <testcase classname="com.example.tests.SettingsTest" name="testProfileTab" time="17.817"/>
  <testcase classname="com.example.tests.SettingsTest" name="testSecurityTab" time="17.969"/>
  <testcase classname="com.example.tests.SettingsTest" name="testNotificationsTab" time="18.294"/>
  <testcase classname="com.example.tests.SettingsTest" name="testPreferencesTab" time="17.345"/>
  <testcase classname="com.example.tests.SettingsTest" name="testLanguageSelection" time="28.703"/>
  <testcase classname="com.example.tests.SettingsTest" name="testThemeToggle" time="29.937"/>
  <testcase classname="com.example.tests.SettingsTest" name="testNotificationToggles" time="37.559"/>
  <testcase classname="com.example.tests.SettingsTest" name="testCorrectURL" time="5.200"/>
</testsuite> <!-- com.example.tests.SettingsTest -->
