<?xml version="1.0" encoding="UTF-8"?>
<!-- Generated by org.testng.reporters.JUnitReportReporter -->
<testsuite hostname="simo__hb" failures="0" tests="7" name="com.example.tests.TransactionsTest" time="127.174" errors="0" timestamp="2025-12-25T10:44:15 WEST" skipped="0">
  <testcase classname="com.example.tests.TransactionsTest" name="testTransactionsPageLoads" time="7.984"/>
  <testcase classname="com.example.tests.TransactionsTest" name="testTransactionsListVisible" time="33.440"/>
  <testcase classname="com.example.tests.TransactionsTest" name="testAddTransactionButton" time="29.303"/>
  <testcase classname="com.example.tests.TransactionsTest" name="testFilterButtonsPresent" time="17.057"/>
  <testcase classname="com.example.tests.TransactionsTest" name="testSearchFunctionality" time="17.282"/>
  <testcase classname="com.example.tests.TransactionsTest" name="testExportFunctionality" time="17.205"/>
  <testcase classname="com.example.tests.TransactionsTest" name="testCorrectURL" time="4.903"/>
</testsuite> <!-- com.example.tests.TransactionsTest -->
