<?xml version="1.0" encoding="UTF-8"?>
<!-- Generated by org.testng.reporters.JUnitReportReporter -->
<testsuite hostname="simo__hb" failures="0" tests="3" name="com.example.tests.RegistrationTest" time="14.510" errors="0" timestamp="2025-12-25T10:44:15 WEST" skipped="0">
  <testcase classname="com.example.tests.RegistrationTest" name="testRegistrationPageLoads" time="7.446"/>
  <testcase classname="com.example.tests.RegistrationTest" name="testRegistrationFormElements" time="2.751"/>
  <testcase classname="com.example.tests.RegistrationTest" name="testNavigateToLoginFromRegistration" time="4.313"/>
</testsuite> <!-- com.example.tests.RegistrationTest -->
