<?xml version="1.0" encoding="UTF-8"?>
<!-- Generated by org.testng.reporters.JUnitReportReporter -->
<testsuite hostname="simo__hb" failures="0" tests="3" name="com.example.tests.RegistrationTest" time="7.447" errors="0" timestamp="2025-12-22T19:18:13 WEST" skipped="0">
  <testcase classname="com.example.tests.RegistrationTest" name="testRegistrationPageLoads" time="1.888"/>
  <testcase classname="com.example.tests.RegistrationTest" name="testRegistrationFormElements" time="1.652"/>
  <testcase classname="com.example.tests.RegistrationTest" name="testNavigateToLoginFromRegistration" time="3.907"/>
</testsuite> <!-- com.example.tests.RegistrationTest -->
