<?xml version="1.0" encoding="UTF-8"?>
<!-- Generated by org.testng.reporters.JUnitReportReporter -->
<testsuite hostname="simo__hb" failures="0" tests="4" name="com.example.tests.LoginTest" time="17.012" errors="0" timestamp="2025-12-25T10:44:15 WEST" skipped="0">
  <testcase classname="com.example.tests.LoginTest" name="testLoginPageLoads" time="2.170"/>
  <testcase classname="com.example.tests.LoginTest" name="testLoginWithInvalidCredentials" time="6.646"/>
  <testcase classname="com.example.tests.LoginTest" name="testLoginWithValidCredentials" time="5.902"/>
  <testcase classname="com.example.tests.LoginTest" name="testEmptyFieldsValidation" time="2.294"/>
</testsuite> <!-- com.example.tests.LoginTest -->
