<?xml version="1.0" encoding="UTF-8"?>
<!-- Generated by org.testng.reporters.JUnitReportReporter -->
<testsuite hostname="simo__hb" failures="0" tests="7" name="com.example.tests.DashboardSectionsTest" time="65.338" errors="0" timestamp="2025-12-22T19:18:13 WEST" skipped="0">
  <testcase classname="com.example.tests.DashboardSectionsTest" name="testDashboardDefault" time="6.887"/>
  <testcase classname="com.example.tests.DashboardSectionsTest" name="testDashboardAssistantSection" time="6.412"/>
  <testcase classname="com.example.tests.DashboardSectionsTest" name="testDashboardSectionsNavigation" time="6.651"/>
  <testcase classname="com.example.tests.DashboardSectionsTest" name="testDifferentSections" time="12.127"/>
  <testcase classname="com.example.tests.DashboardSectionsTest" name="testDashboardPageElements" time="16.329"/>
  <testcase classname="com.example.tests.DashboardSectionsTest" name="testSectionSwitching" time="10.404"/>
  <testcase classname="com.example.tests.DashboardSectionsTest" name="testInvalidSectionParameter" time="6.528"/>
</testsuite> <!-- com.example.tests.DashboardSectionsTest -->
