<?xml version="1.0" encoding="UTF-8"?>
<!-- Generated by org.testng.reporters.JUnitReportReporter -->
<testsuite hostname="simo__hb" failures="0" tests="4" name="com.example.tests.LoginTest" time="21.275" errors="0" timestamp="2025-12-22T19:18:13 WEST" skipped="0">
  <testcase classname="com.example.tests.LoginTest" name="testLoginPageLoads" time="5.676"/>
  <testcase classname="com.example.tests.LoginTest" name="testLoginWithInvalidCredentials" time="3.905"/>
  <testcase classname="com.example.tests.LoginTest" name="testLoginWithValidCredentials" time="9.245"/>
  <testcase classname="com.example.tests.LoginTest" name="testEmptyFieldsValidation" time="2.449"/>
</testsuite> <!-- com.example.tests.LoginTest -->
