<?xml version="1.0" encoding="UTF-8"?>
<!-- Generated by org.testng.reporters.JUnitReportReporter -->
<testsuite hostname="simo__hb" failures="0" tests="4" name="com.example.tests.DashboardTest" time="21.763" errors="0" timestamp="2025-12-22T19:18:13 WEST" skipped="0">
  <testcase classname="com.example.tests.DashboardTest" name="testDashboardPageLoads" time="5.156"/>
  <testcase classname="com.example.tests.DashboardTest" name="testMainPageLoads" time="4.796"/>
  <testcase classname="com.example.tests.DashboardTest" name="testQuickActionsPresent" time="7.370"/>
  <testcase classname="com.example.tests.DashboardTest" name="testLanguageSelectorPresent" time="4.441"/>
</testsuite> <!-- com.example.tests.DashboardTest -->
