<?xml version="1.0" encoding="UTF-8"?>
<!-- Generated by org.testng.reporters.JUnitReportReporter -->
<testsuite hostname="simo__hb" failures="0" tests="7" name="com.example.tests.TransactionsTest" time="125.281" errors="0" timestamp="2025-12-22T19:18:13 WEST" skipped="0">
  <testcase classname="com.example.tests.TransactionsTest" name="testTransactionsPageLoads" time="6.811"/>
  <testcase classname="com.example.tests.TransactionsTest" name="testTransactionsListVisible" time="31.057"/>
  <testcase classname="com.example.tests.TransactionsTest" name="testAddTransactionButton" time="28.514"/>
  <testcase classname="com.example.tests.TransactionsTest" name="testFilterButtonsPresent" time="18.290"/>
  <testcase classname="com.example.tests.TransactionsTest" name="testSearchFunctionality" time="16.680"/>
  <testcase classname="com.example.tests.TransactionsTest" name="testExportFunctionality" time="18.681"/>
  <testcase classname="com.example.tests.TransactionsTest" name="testCorrectURL" time="5.248"/>
</testsuite> <!-- com.example.tests.TransactionsTest -->
