<?xml version="1.0" encoding="UTF-8"?>
<!-- Generated by org.testng.reporters.JUnitReportReporter -->
<testsuite hostname="simo__hb" failures="0" tests="8" name="com.example.tests.HistoryTest" time="101.812" errors="0" timestamp="2025-12-22T19:18:13 WEST" skipped="0">
  <testcase classname="com.example.tests.HistoryTest" name="testHistoryPageLoads" time="5.789"/>
  <testcase classname="com.example.tests.HistoryTest" name="testConversationsListVisible" time="16.993"/>
  <testcase classname="com.example.tests.HistoryTest" name="testConversationCount" time="6.833"/>
  <testcase classname="com.example.tests.HistoryTest" name="testSearchFunctionality" time="16.516"/>
  <testcase classname="com.example.tests.HistoryTest" name="testConversationSelection" time="17.618"/>
  <testcase classname="com.example.tests.HistoryTest" name="testExportHistory" time="16.454"/>
  <testcase classname="com.example.tests.HistoryTest" name="testFilterOptions" time="17.576"/>
  <testcase classname="com.example.tests.HistoryTest" name="testCorrectURL" time="4.033"/>
</testsuite> <!-- com.example.tests.HistoryTest -->
