<?xml version="1.0" encoding="UTF-8"?>
<!-- Generated by org.testng.reporters.JUnitReportReporter -->
<testsuite hostname="simo__hb" failures="0" tests="8" name="com.example.tests.HistoryTest" time="118.877" errors="0" timestamp="2025-12-25T10:44:15 WEST" skipped="0">
  <testcase classname="com.example.tests.HistoryTest" name="testHistoryPageLoads" time="5.822"/>
  <testcase classname="com.example.tests.HistoryTest" name="testConversationsListVisible" time="7.005"/>
  <testcase classname="com.example.tests.HistoryTest" name="testConversationCount" time="16.694"/>
  <testcase classname="com.example.tests.HistoryTest" name="testSearchFunctionality" time="16.819"/>
  <testcase classname="com.example.tests.HistoryTest" name="testConversationSelection" time="17.762"/>
  <testcase classname="com.example.tests.HistoryTest" name="testExportHistory" time="32.266"/>
  <testcase classname="com.example.tests.HistoryTest" name="testFilterOptions" time="17.117"/>
  <testcase classname="com.example.tests.HistoryTest" name="testCorrectURL" time="5.392"/>
</testsuite> <!-- com.example.tests.HistoryTest -->
