<?xml version="1.0" encoding="UTF-8"?>
<!-- Generated by org.testng.reporters.JUnitReportReporter -->
<testsuite hostname="simo__hb" failures="0" tests="7" name="com.example.tests.DashboardSectionsTest" time="93.184" errors="0" timestamp="2025-12-25T10:44:15 WEST" skipped="0">
  <testcase classname="com.example.tests.DashboardSectionsTest" name="testDashboardDefault" time="6.718"/>
  <testcase classname="com.example.tests.DashboardSectionsTest" name="testDashboardAssistantSection" time="32.077"/>
  <testcase classname="com.example.tests.DashboardSectionsTest" name="testDashboardSectionsNavigation" time="8.717"/>
  <testcase classname="com.example.tests.DashboardSectionsTest" name="testDifferentSections" time="11.708"/>
  <testcase classname="com.example.tests.DashboardSectionsTest" name="testDashboardPageElements" time="17.939"/>
  <testcase classname="com.example.tests.DashboardSectionsTest" name="testSectionSwitching" time="9.258"/>
  <testcase classname="com.example.tests.DashboardSectionsTest" name="testInvalidSectionParameter" time="6.767"/>
</testsuite> <!-- com.example.tests.DashboardSectionsTest -->
