<?xml version="1.0" encoding="UTF-8"?>
<!-- Generated by org.testng.reporters.JUnitReportReporter -->
<testsuite hostname="simo__hb" failures="0" tests="10" name="com.example.tests.SettingsTest" time="209.928" errors="0" timestamp="2025-12-25T10:44:15 WEST" skipped="0">
  <testcase classname="com.example.tests.SettingsTest" name="testSettingsPageLoads" time="19.780"/>
  <testcase classname="com.example.tests.SettingsTest" name="testSettingsTabsPresent" time="16.919"/>
  <testcase classname="com.example.tests.SettingsTest" name="testProfileTab" time="17.986"/>
  <testcase classname="com.example.tests.SettingsTest" name="testSecurityTab" time="18.267"/>
  <testcase classname="com.example.tests.SettingsTest" name="testNotificationsTab" time="18.351"/>
  <testcase classname="com.example.tests.SettingsTest" name="testPreferencesTab" time="17.835"/>
  <testcase classname="com.example.tests.SettingsTest" name="testLanguageSelection" time="27.907"/>
  <testcase classname="com.example.tests.SettingsTest" name="testThemeToggle" time="28.609"/>
  <testcase classname="com.example.tests.SettingsTest" name="testNotificationToggles" time="39.094"/>
  <testcase classname="com.example.tests.SettingsTest" name="testCorrectURL" time="5.180"/>
</testsuite> <!-- com.example.tests.SettingsTest -->
