<?xml version="1.0" encoding="UTF-8"?>
<!-- Generated by org.testng.reporters.JUnitReportReporter -->
<testsuite hostname="simo__hb" failures="0" tests="4" name="com.example.tests.DashboardTest" time="25.554" errors="0" timestamp="2025-12-25T10:44:15 WEST" skipped="0">
  <testcase classname="com.example.tests.DashboardTest" name="testDashboardPageLoads" time="5.860"/>
  <testcase classname="com.example.tests.DashboardTest" name="testMainPageLoads" time="5.826"/>
  <testcase classname="com.example.tests.DashboardTest" name="testQuickActionsPresent" time="7.650"/>
  <testcase classname="com.example.tests.DashboardTest" name="testLanguageSelectorPresent" time="6.218"/>
</testsuite> <!-- com.example.tests.DashboardTest -->
