<?xml version="1.0" encoding="UTF-8"?>
<!-- Generated by org.testng.reporters.JUnitXMLReporter -->
<testsuite ignored="0" hostname="simo__hb" failures="0" tests="7" name="Authentication Tests" time="31.71" errors="0" timestamp="2025-12-25T10:34:39 WEST">
  <testcase classname="com.example.tests.LoginTest" name="testLoginPageLoads" time="0.741"/>
  <testcase classname="com.example.tests.LoginTest" name="testLoginWithInvalidCredentials" time="3.264"/>
  <testcase classname="com.example.tests.LoginTest" name="testLoginWithValidCredentials" time="4.535"/>
  <testcase classname="com.example.tests.LoginTest" name="testEmptyFieldsValidation" time="0.907"/>
  <testcase classname="com.example.tests.RegistrationTest" name="testRegistrationPageLoads" time="5.981"/>
  <testcase classname="com.example.tests.RegistrationTest" name="testRegistrationFormElements" time="1.239"/>
  <testcase classname="com.example.tests.RegistrationTest" name="testNavigateToLoginFromRegistration" time="2.355"/>
</testsuite> <!-- Authentication Tests -->
