<?xml version="1.0" encoding="UTF-8"?>
<!-- Generated by org.testng.reporters.JUnitXMLReporter -->
<testsuite ignored="0" hostname="simo__hb" failures="0" tests="7" name="Authentication Tests" time="28.816" errors="0" timestamp="2025-12-22T19:09:43 WEST">
  <testcase classname="com.example.tests.LoginTest" name="testLoginPageLoads" time="3.384"/>
  <testcase classname="com.example.tests.LoginTest" name="testLoginWithInvalidCredentials" time="3.083"/>
  <testcase classname="com.example.tests.LoginTest" name="testLoginWithValidCredentials" time="8.462"/>
  <testcase classname="com.example.tests.LoginTest" name="testEmptyFieldsValidation" time="1.645"/>
  <testcase classname="com.example.tests.RegistrationTest" name="testRegistrationPageLoads" time="1.094"/>
  <testcase classname="com.example.tests.RegistrationTest" name="testRegistrationFormElements" time="0.932"/>
  <testcase classname="com.example.tests.RegistrationTest" name="testNavigateToLoginFromRegistration" time="3.184"/>
</testsuite> <!-- Authentication Tests -->
