<?xml version="1.0" encoding="UTF-8"?>
<!-- Generated by org.testng.reporters.JUnitXMLReporter -->
<testsuite ignored="0" hostname="simo__hb" failures="0" tests="11" name="Dashboard Tests" time="87.117" errors="0" timestamp="2025-12-22T19:11:11 WEST">
  <testcase classname="com.example.tests.DashboardTest" name="testDashboardPageLoads" time="0.12"/>
  <testcase classname="com.example.tests.DashboardTest" name="testMainPageLoads" time="0.111"/>
  <testcase classname="com.example.tests.DashboardTest" name="testQuickActionsPresent" time="2.109"/>
  <testcase classname="com.example.tests.DashboardTest" name="testLanguageSelectorPresent" time="0.153"/>
  <testcase classname="com.example.tests.DashboardSectionsTest" name="testDashboardDefault" time="2.074"/>
  <testcase classname="com.example.tests.DashboardSectionsTest" name="testDashboardAssistantSection" time="2.12"/>
  <testcase classname="com.example.tests.DashboardSectionsTest" name="testDashboardSectionsNavigation" time="2.3"/>
  <testcase classname="com.example.tests.DashboardSectionsTest" name="testDifferentSections" time="6.355"/>
  <testcase classname="com.example.tests.DashboardSectionsTest" name="testDashboardPageElements" time="12.114"/>
  <testcase classname="com.example.tests.DashboardSectionsTest" name="testSectionSwitching" time="4.205"/>
  <testcase classname="com.example.tests.DashboardSectionsTest" name="testInvalidSectionParameter" time="2.067"/>
</testsuite> <!-- Dashboard Tests -->
