<?xml version="1.0" encoding="UTF-8"?>
<!-- Generated by org.testng.reporters.JUnitXMLReporter -->
<testsuite ignored="0" hostname="simo__hb" failures="0" tests="8" name="History Tests" time="101.82" errors="0" timestamp="2025-12-22T19:14:58 WEST">
  <testcase classname="com.example.tests.HistoryTest" name="testHistoryPageLoads" time="0.181"/>
  <testcase classname="com.example.tests.HistoryTest" name="testConversationsListVisible" time="12.631"/>
  <testcase classname="com.example.tests.HistoryTest" name="testConversationCount" time="2.09"/>
  <testcase classname="com.example.tests.HistoryTest" name="testSearchFunctionality" time="12.126"/>
  <testcase classname="com.example.tests.HistoryTest" name="testConversationSelection" time="13.188"/>
  <testcase classname="com.example.tests.HistoryTest" name="testExportHistory" time="12.099"/>
  <testcase classname="com.example.tests.HistoryTest" name="testFilterOptions" time="12.128"/>
  <testcase classname="com.example.tests.HistoryTest" name="testCorrectURL" time="0.122"/>
</testsuite> <!-- History Tests -->
