<?xml version="1.0" encoding="UTF-8"?>
<!-- Generated by org.testng.reporters.JUnitXMLReporter -->
<testsuite ignored="0" hostname="simo__hb" failures="0" tests="8" name="History Tests" time="118.887" errors="0" timestamp="2025-12-25T10:40:44 WEST">
  <testcase classname="com.example.tests.HistoryTest" name="testHistoryPageLoads" time="0.294"/>
  <testcase classname="com.example.tests.HistoryTest" name="testConversationsListVisible" time="2.249"/>
  <testcase classname="com.example.tests.HistoryTest" name="testConversationCount" time="12.203"/>
  <testcase classname="com.example.tests.HistoryTest" name="testSearchFunctionality" time="12.228"/>
  <testcase classname="com.example.tests.HistoryTest" name="testConversationSelection" time="12.218"/>
  <testcase classname="com.example.tests.HistoryTest" name="testExportHistory" time="27.097"/>
  <testcase classname="com.example.tests.HistoryTest" name="testFilterOptions" time="12.259"/>
  <testcase classname="com.example.tests.HistoryTest" name="testCorrectURL" time="0.199"/>
</testsuite> <!-- History Tests -->
