<?xml version="1.0" encoding="UTF-8"?>
<!-- Generated by org.testng.reporters.JUnitXMLReporter -->
<testsuite ignored="0" hostname="simo__hb" failures="0" tests="10" name="Settings Tests" time="194.997" errors="0" timestamp="2025-12-22T19:18:13 WEST">
  <testcase classname="com.example.tests.SettingsTest" name="testSettingsPageLoads" time="0.11"/>
  <testcase classname="com.example.tests.SettingsTest" name="testSettingsTabsPresent" time="12.114"/>
  <testcase classname="com.example.tests.SettingsTest" name="testProfileTab" time="13.093"/>
  <testcase classname="com.example.tests.SettingsTest" name="testSecurityTab" time="13.125"/>
  <testcase classname="com.example.tests.SettingsTest" name="testNotificationsTab" time="13.097"/>
  <testcase classname="com.example.tests.SettingsTest" name="testPreferencesTab" time="13.125"/>
  <testcase classname="com.example.tests.SettingsTest" name="testLanguageSelection" time="23.152"/>
  <testcase classname="com.example.tests.SettingsTest" name="testThemeToggle" time="23.116"/>
  <testcase classname="com.example.tests.SettingsTest" name="testNotificationToggles" time="33.674"/>
  <testcase classname="com.example.tests.SettingsTest" name="testCorrectURL" time="0.073"/>
</testsuite> <!-- Settings Tests -->
