<?xml version="1.0" encoding="UTF-8"?>
<!-- Generated by org.testng.reporters.JUnitXMLReporter -->
<testsuite ignored="0" hostname="simo__hb" failures="0" tests="10" name="Settings Tests" time="209.957" errors="0" timestamp="2025-12-25T10:44:14 WEST">
  <testcase classname="com.example.tests.SettingsTest" name="testSettingsPageLoads" time="15.102"/>
  <testcase classname="com.example.tests.SettingsTest" name="testSettingsTabsPresent" time="12.158"/>
  <testcase classname="com.example.tests.SettingsTest" name="testProfileTab" time="13.249"/>
  <testcase classname="com.example.tests.SettingsTest" name="testSecurityTab" time="13.165"/>
  <testcase classname="com.example.tests.SettingsTest" name="testNotificationsTab" time="13.168"/>
  <testcase classname="com.example.tests.SettingsTest" name="testPreferencesTab" time="13.158"/>
  <testcase classname="com.example.tests.SettingsTest" name="testLanguageSelection" time="23.234"/>
  <testcase classname="com.example.tests.SettingsTest" name="testThemeToggle" time="23.255"/>
  <testcase classname="com.example.tests.SettingsTest" name="testNotificationToggles" time="33.744"/>
  <testcase classname="com.example.tests.SettingsTest" name="testCorrectURL" time="0.174"/>
</testsuite> <!-- Settings Tests -->
