<?xml version="1.0" encoding="UTF-8"?>
<!-- Generated by org.testng.reporters.JUnitXMLReporter -->
<testsuite ignored="0" hostname="simo__hb" failures="0" tests="7" name="Transactions Tests" time="127.191" errors="0" timestamp="2025-12-25T10:38:45 WEST">
  <testcase classname="com.example.tests.TransactionsTest" name="testTransactionsPageLoads" time="0.303"/>
  <testcase classname="com.example.tests.TransactionsTest" name="testTransactionsListVisible" time="22.236"/>
  <testcase classname="com.example.tests.TransactionsTest" name="testAddTransactionButton" time="23.688"/>
  <testcase classname="com.example.tests.TransactionsTest" name="testFilterButtonsPresent" time="12.245"/>
  <testcase classname="com.example.tests.TransactionsTest" name="testSearchFunctionality" time="12.203"/>
  <testcase classname="com.example.tests.TransactionsTest" name="testExportFunctionality" time="12.223"/>
  <testcase classname="com.example.tests.TransactionsTest" name="testCorrectURL" time="0.149"/>
</testsuite> <!-- Transactions Tests -->
