<?xml version="1.0" encoding="UTF-8"?>
<!-- Generated by org.testng.reporters.JUnitXMLReporter -->
<testsuite ignored="0" hostname="simo__hb" failures="0" tests="7" name="Transactions Tests" time="125.29" errors="0" timestamp="2025-12-22T19:13:16 WEST">
  <testcase classname="com.example.tests.TransactionsTest" name="testTransactionsPageLoads" time="0.259"/>
  <testcase classname="com.example.tests.TransactionsTest" name="testTransactionsListVisible" time="26.026"/>
  <testcase classname="com.example.tests.TransactionsTest" name="testAddTransactionButton" time="23.651"/>
  <testcase classname="com.example.tests.TransactionsTest" name="testFilterButtonsPresent" time="12.125"/>
  <testcase classname="com.example.tests.TransactionsTest" name="testSearchFunctionality" time="12.133"/>
  <testcase classname="com.example.tests.TransactionsTest" name="testExportFunctionality" time="12.106"/>
  <testcase classname="com.example.tests.TransactionsTest" name="testCorrectURL" time="0.081"/>
</testsuite> <!-- Transactions Tests -->
